<?xml version="1.0" encoding="UTF-8"?>
<!-- Generated by org.testng.reporters.JUnitReportReporter -->
<testsuite hostname="LAPTOP-MOABL95Q" failures="0" tests="1" name="cucumber.TestNGTestRunner" time="19.656" errors="0" timestamp="2024-11-16T20:09:37 IST" skipped="0">
  <testcase classname="cucumber.TestNGTestRunner" name="runScenario" time="19.656"/>
  <system-out/>
</testsuite> <!-- cucumber.TestNGTestRunner -->
