<?xml version="1.0" encoding="UTF-8"?>
<!-- Generated by org.testng.reporters.JUnitReportReporter -->
<testsuite hostname="LAPTOP-MOABL95Q" failures="0" tests="1" name="cucumber.TestNGTestRunner" time="20.710" errors="0" timestamp="2024-11-16T21:07:19 IST" skipped="0">
  <testcase classname="cucumber.TestNGTestRunner" name="runScenario" time="20.710"/>
  <system-out/>
</testsuite> <!-- cucumber.TestNGTestRunner -->
