<?xml version="1.0" encoding="UTF-8"?>
<!-- Generated by org.testng.reporters.JUnitReportReporter -->
<testsuite hostname="LAPTOP-MOABL95Q" failures="0" tests="3" name="RoshanAcademy.SeleniumFrameworkDesign.StandAloneTest" time="47.454" errors="0" timestamp="2024-11-16T20:43:53 IST" skipped="0">
  <testcase classname="RoshanAcademy.SeleniumFrameworkDesign.StandAloneTest" name="standAloneTest" time="24.326"/>
  <system-out/>
  <testcase classname="RoshanAcademy.SeleniumFrameworkDesign.StandAloneTest" name="OrderHistoryTest" time="3.389"/>
  <system-out/>
  <testcase classname="RoshanAcademy.SeleniumFrameworkDesign.StandAloneTest" name="standAloneTest" time="19.739"/>
  <system-out/>
</testsuite> <!-- RoshanAcademy.SeleniumFrameworkDesign.StandAloneTest -->
